Build started 4/5/2013 1:34:25 PM.
     1>Project "C:\Users\dev13\drew-face\test\FaceDetect\FaceDetect.vcxproj" on node 2 (Build target(s)).
     1>Link:
         C:\Program Files (x86)\Microsoft Visual Studio 11.0\VC\bin\link.exe /ERRORREPORT:PROMPT /OUT:"C:\Users\dev13\drew-face\test\Debug\FaceDetect.dll" /INCREMENTAL /NOLOGO /LIBPATH:"C:\Users\dev13\drew-face\test\FaceDetect\/../../opencv/build/x86/vc10/lib" opencv_core243d.lib opencv_imgproc243d.lib opencv_highgui243d.lib opencv_ml243d.lib opencv_video243d.lib opencv_features2d243d.lib opencv_calib3d243d.lib opencv_objdetect243d.lib opencv_contrib243d.lib opencv_legacy243d.lib opencv_flann243d.lib opencv_nonfree243d.lib kernel32.lib user32.lib gdi32.lib winspool.lib comdlg32.lib advapi32.lib shell32.lib ole32.lib oleaut32.lib uuid.lib odbc32.lib odbccp32.lib /MANIFEST /MANIFESTUAC:"level='asInvoker' uiAccess='false'" /manifest:embed /DEBUG /PDB:"C:\Users\dev13\drew-face\test\Debug\FaceDetect.pdb" /ASSEMBLYDEBUG /TLBID:1 /DYNAMICBASE /FIXED:NO /NXCOMPAT /MACHINE:X86 /DLL Debug\app.res
         Debug\AssemblyInfo.obj
         Debug\FaceDetect.obj
         Debug\Stdafx.obj
         "Debug\.NETFramework,Version=v4.5.AssemblyAttributes.obj"
     1>FaceDetect.obj : error LNK2028: unresolved token (0A000555) "struct FileInfo * __cdecl extractGeometry(char const *)" (?extractGeometry@@$$FYAPAUFileInfo@@PBD@Z) referenced in function "public: static void __clrcall FaceDetect::FaceDetector::detectFaces(class FaceDetect::GeometryType ^)" (?detectFaces@FaceDetector@FaceDetect@@$$FSMXP$AAVGeometryType@2@@Z)
     1>FaceDetect.obj : error LNK2019: unresolved external symbol "struct FileInfo * __cdecl extractGeometry(char const *)" (?extractGeometry@@$$FYAPAUFileInfo@@PBD@Z) referenced in function "public: static void __clrcall FaceDetect::FaceDetector::detectFaces(class FaceDetect::GeometryType ^)" (?detectFaces@FaceDetector@FaceDetect@@$$FSMXP$AAVGeometryType@2@@Z)
     1>C:\Users\dev13\drew-face\test\Debug\FaceDetect.dll : fatal error LNK1120: 2 unresolved externals
     1>Done Building Project "C:\Users\dev13\drew-face\test\FaceDetect\FaceDetect.vcxproj" (Build target(s)) -- FAILED.

Build FAILED.

Time Elapsed 00:00:00.41
